<?xml version="1.0" encoding="UTF-8"?>
<!-- Generated by org.testng.reporters.JUnitXMLReporter -->
<testsuite ignored="0" hostname="BJ-Spectre" failures="1" tests="3" name="Test" time="48.221" errors="0" timestamp="2023-06-13T16:37:39 IST">
  <testcase classname="web_automation.ui.CalculateRetrirementSavingsTest" name="SubmitData_WithCompleteFields" time="7.551"/>
  <testcase classname="web_automation.ui.CalculateRetrirementSavingsTest" name="SubmitSavingData_WithRequiredFields" time="5.82"/>
  <testcase classname="web_automation.ui.CalculateRetrirementSavingsTest" name="UpdateDefaultSavingDataAndSubmit" time="3.387">
    <failure type="java.lang.AssertionError" message="Expected Inflation Rate field should be displayed but it is not displaying">
      <![CDATA[java.lang.AssertionError: Expected Inflation Rate field should be displayed but it is not displaying
at web_automation.ui.PageFactory.CalculateRetirementSaving.SubmitWithDefaultDtata(CalculateRetirementSaving.java:340)
at web_automation.ui.CalculateRetrirementSavingsTest.UpdateDefaultSavingDataAndSubmit(CalculateRetrirementSavingsTest.java:103)
at java.base/java.util.ArrayList.forEach(ArrayList.java:1511)
... Removed 28 stack frames]]>
    </failure>
  </testcase> <!-- UpdateDefaultSavingDataAndSubmit -->
</testsuite> <!-- Test -->
